Arguments: 
  /Users/loriot/.nvm/versions/node/v16.15.1/bin/node /Users/loriot/.nvm/versions/node/v16.15.1/bin/yarn add bootstratp

PATH: 
  ./bin:./node_modules/.bin:/Users/loriot/.nvm/versions/node/v16.15.1/bin:/Users/loriot/.rbenv/shims:/Users/loriot/.rbenv/bin:/Users/loriot/.pyenv/bin:/usr/local/bin:/usr/bin:/bin:/usr/sbin:/sbin:/usr/local/share/dotnet:~/.dotnet/tools:/Library/Frameworks/Mono.framework/Versions/Current/Commands:/usr/local/sbin

Yarn version: 
  1.22.19

Node version: 
  16.15.1

Platform: 
  darwin x64

Trace: 
  Error: https://registry.yarnpkg.com/bootstratp: Not found
      at Request.params.callback [as _callback] (/Users/loriot/.nvm/versions/node/v16.15.1/lib/node_modules/yarn/lib/cli.js:66145:18)
      at Request.self.callback (/Users/loriot/.nvm/versions/node/v16.15.1/lib/node_modules/yarn/lib/cli.js:140890:22)
      at Request.emit (node:events:527:28)
      at Request.<anonymous> (/Users/loriot/.nvm/versions/node/v16.15.1/lib/node_modules/yarn/lib/cli.js:141862:10)
      at Request.emit (node:events:527:28)
      at IncomingMessage.<anonymous> (/Users/loriot/.nvm/versions/node/v16.15.1/lib/node_modules/yarn/lib/cli.js:141784:12)
      at Object.onceWrapper (node:events:641:28)
      at IncomingMessage.emit (node:events:539:35)
      at endReadableNT (node:internal/streams/readable:1345:12)
      at processTicksAndRejections (node:internal/process/task_queues:83:21)

npm manifest: 
  {
    "exports": "./app/javascript/application.js",
    "dependencies": {
      "@hotwired/stimulus": "^3.1.0",
      "@hotwired/turbo-rails": "^7.2.0"
    }
  }

yarn manifest: 
  No manifest

Lockfile: 
  # THIS IS AN AUTOGENERATED FILE. DO NOT EDIT THIS FILE DIRECTLY.
  # yarn lockfile v1
  
  
  "@hotwired/stimulus@^3.1.0":
    version "3.1.0"
    resolved "https://registry.yarnpkg.com/@hotwired/stimulus/-/stimulus-3.1.0.tgz#20215251e5afe6e0a3787285181ba1bfc9097df0"
    integrity sha512-iDMHUhiEJ1xFeicyHcZQQgBzhtk5mPR0QZO3L6wtqzMsJEk2TKECuCQTGKjm+KJTHVY0dKq1dOOAWvODjpd2Mg==
  
  "@hotwired/turbo-rails@^7.2.0":
    version "7.2.0"
    resolved "https://registry.yarnpkg.com/@hotwired/turbo-rails/-/turbo-rails-7.2.0.tgz#2081ed4e626fac9fd61ba5a4d1eeb53e6ea93b03"
    integrity sha512-RxJJGINeLa2lyI078LLSbqZDI7RarxTDMVlgKnsLvtFEn8Pa7ySEcDUxHp5YiLXGbLacAIH/dcfD0JfCWe5Dqw==
    dependencies:
      "@hotwired/turbo" "^7.2.0"
      "@rails/actioncable" "^7.0"
  
  "@hotwired/turbo@^7.2.0":
    version "7.2.0"
    resolved "https://registry.yarnpkg.com/@hotwired/turbo/-/turbo-7.2.0.tgz#4ff90d80fda17e69b04a12bbf0a42f09953504f6"
    integrity sha512-CYr6N9NfqsjhmZx1xVQ8zYcDo4hTm7sTUpJydbNgMRyG+YfF/9ADIQQ2TtcBdkl2zi/12a3OTWX0UMzNZnAK9w==
  
  "@rails/actioncable@^7.0":
    version "7.0.4"
    resolved "https://registry.yarnpkg.com/@rails/actioncable/-/actioncable-7.0.4.tgz#70a3ca56809f7aaabb80af2f9c01ae51e1a8ed41"
    integrity sha512-tz4oM+Zn9CYsvtyicsa/AwzKZKL+ITHWkhiu7x+xF77clh2b4Rm+s6xnOgY/sGDWoFWZmtKsE95hxBPkgQQNnQ==
